<?xml version="1.0" encoding="UTF-8"?>
<coverage generated="1573140607932" clover="3.2.0">
  <project timestamp="1573140607932" name="All files">
    <metrics statements="45" coveredstatements="43" conditionals="8" coveredconditionals="4" methods="12" coveredmethods="12" elements="65" coveredelements="59" complexity="0" loc="45" ncloc="45" packages="2" files="2" classes="2"/>
    <package name="InspectorSession">
      <metrics statements="9" coveredstatements="8" conditionals="6" coveredconditionals="3" methods="4" coveredmethods="4"/>
      <file name="InspectorSession.ts" path="C:\Users\jazadehd\Documents\Development\js-type-profiler\src\InspectorSession\InspectorSession.ts">
        <metrics statements="9" coveredstatements="8" conditionals="6" coveredconditionals="3" methods="4" coveredmethods="4"/>
        <line num="1" count="1" type="stmt"/>
        <line num="7" count="1" type="stmt"/>
        <line num="13" count="6" type="stmt"/>
        <line num="15" count="6" type="stmt"/>
        <line num="17" count="6" type="stmt"/>
        <line num="19" count="6" type="cond" truecount="3" falsecount="1"/>
        <line num="21" count="0" type="cond" truecount="0" falsecount="2"/>
        <line num="25" count="6" type="stmt"/>
        <line num="36" count="1" type="stmt"/>
      </file>
    </package>
    <package name="TypeProfiler">
      <metrics statements="36" coveredstatements="35" conditionals="2" coveredconditionals="1" methods="8" coveredmethods="8"/>
      <file name="TypeProfiler.ts" path="C:\Users\jazadehd\Documents\Development\js-type-profiler\src\TypeProfiler\TypeProfiler.ts">
        <metrics statements="36" coveredstatements="35" conditionals="2" coveredconditionals="1" methods="8" coveredmethods="8"/>
        <line num="1" count="1" type="stmt"/>
        <line num="3" count="1" type="stmt"/>
        <line num="13" count="2" type="stmt"/>
        <line num="15" count="2" type="cond" truecount="1" falsecount="1"/>
        <line num="17" count="2" type="stmt"/>
        <line num="19" count="2" type="stmt"/>
        <line num="21" count="1" type="stmt"/>
        <line num="23" count="1" type="stmt"/>
        <line num="29" count="1" type="stmt"/>
        <line num="31" count="1" type="stmt"/>
        <line num="35" count="1" type="stmt"/>
        <line num="36" count="1" type="stmt"/>
        <line num="48" count="2" type="stmt"/>
        <line num="50" count="2" type="stmt"/>
        <line num="54" count="1" type="stmt"/>
        <line num="58" count="1" type="stmt"/>
        <line num="65" count="1" type="stmt"/>
        <line num="68" count="1" type="stmt"/>
        <line num="70" count="1" type="stmt"/>
        <line num="72" count="1" type="stmt"/>
        <line num="73" count="1" type="stmt"/>
        <line num="74" count="1" type="stmt"/>
        <line num="76" count="1" type="stmt"/>
        <line num="82" count="1" type="stmt"/>
        <line num="84" count="1" type="stmt"/>
        <line num="86" count="1" type="stmt"/>
        <line num="88" count="1" type="stmt"/>
        <line num="94" count="0" type="stmt"/>
        <line num="98" count="1" type="stmt"/>
        <line num="102" count="1" type="stmt"/>
        <line num="108" count="7" type="stmt"/>
        <line num="110" count="1" type="stmt"/>
        <line num="112" count="5" type="stmt"/>
        <line num="114" count="5" type="stmt"/>
        <line num="119" count="1" type="stmt"/>
        <line num="126" count="1" type="stmt"/>
      </file>
    </package>
  </project>
</coverage>
