{"C:\\Users\\jazadehd\\Documents\\Development\\js-type-profiler\\src\\InspectorSession\\InspectorSession.ts": {"path":"C:\\Users\\jazadehd\\Documents\\Development\\js-type-profiler\\src\\InspectorSession\\InspectorSession.ts","statementMap":{"0":{"start":{"line":1,"column":0},"end":{"line":1,"column":39}},"1":{"start":{"line":7,"column":4},"end":{"line":7,"column":12}},"2":{"start":{"line":13,"column":23},"end":{"line":13,"column":27}},"3":{"start":{"line":15,"column":4},"end":{"line":29,"column":7}},"4":{"start":{"line":17,"column":6},"end":{"line":27,"column":9}},"5":{"start":{"line":19,"column":8},"end":{"line":23,"column":null}},"6":{"start":{"line":21,"column":10},"end":{"line":21,"column":80}},"7":{"start":{"line":25,"column":8},"end":{"line":25,"column":31}},"8":{"start":{"line":36,"column":0},"end":{"line":36,"column":32}}},"fnMap":{"0":{"name":"(anonymous_0)","decl":{"start":{"line":5,"column":2},"end":{"line":5,"column":null}},"loc":{"start":{"line":5,"column":2},"end":{"line":9,"column":3}}},"1":{"name":"(anonymous_1)","decl":{"start":{"line":11,"column":9},"end":{"line":11,"column":18}},"loc":{"start":{"line":11,"column":26},"end":{"line":31,"column":3}}},"2":{"name":"(anonymous_2)","decl":{"start":{"line":15,"column":23},"end":{"line":15,"column":24}},"loc":{"start":{"line":15,"column":43},"end":{"line":29,"column":5}}},"3":{"name":"(anonymous_3)","decl":{"start":{"line":17,"column":28},"end":{"line":17,"column":29}},"loc":{"start":{"line":17,"column":58},"end":{"line":27,"column":7}}}},"branchMap":{"0":{"loc":{"start":{"line":19,"column":8},"end":{"line":23,"column":null}},"type":"if","locations":[{"start":{"line":19,"column":8},"end":{"line":23,"column":null}},{"start":{"line":19,"column":8},"end":{"line":23,"column":null}}]},"1":{"loc":{"start":{"line":19,"column":12},"end":{"line":19,"column":17}},"type":"binary-expr","locations":[{"start":{"line":19,"column":12},"end":{"line":19,"column":17}},{"start":{"line":19,"column":21},"end":{"line":19,"column":44}}]},"2":{"loc":{"start":{"line":21,"column":24},"end":{"line":21,"column":29}},"type":"binary-expr","locations":[{"start":{"line":21,"column":24},"end":{"line":21,"column":29}},{"start":{"line":21,"column":33},"end":{"line":21,"column":78}}]}},"s":{"0":1,"1":1,"2":6,"3":6,"4":6,"5":6,"6":0,"7":6,"8":1},"f":{"0":1,"1":6,"2":6,"3":6},"b":{"0":[0,6],"1":[6,6],"2":[0,0]}}
,"C:\\Users\\jazadehd\\Documents\\Development\\js-type-profiler\\src\\TypeProfiler\\TypeProfiler.ts": {"path":"C:\\Users\\jazadehd\\Documents\\Development\\js-type-profiler\\src\\TypeProfiler\\TypeProfiler.ts","statementMap":{"0":{"start":{"line":1,"column":0},"end":{"line":1,"column":68}},"1":{"start":{"line":3,"column":0},"end":{"line":3,"column":43}},"2":{"start":{"line":13,"column":18},"end":{"line":13,"column":33}},"3":{"start":{"line":15,"column":3},"end":{"line":40,"column":null}},"4":{"start":{"line":17,"column":2},"end":{"line":38,"column":null}},"5":{"start":{"line":19,"column":3},"end":{"line":19,"column":34}},"6":{"start":{"line":21,"column":19},"end":{"line":21,"column":56}},"7":{"start":{"line":23,"column":3},"end":{"line":27,"column":6}},"8":{"start":{"line":29,"column":23},"end":{"line":29,"column":55}},"9":{"start":{"line":31,"column":5},"end":{"line":31,"column":27}},"10":{"start":{"line":35,"column":3},"end":{"line":35,"column":19}},"11":{"start":{"line":36,"column":3},"end":{"line":36,"column":15}},"12":{"start":{"line":48,"column":2},"end":{"line":56,"column":null}},"13":{"start":{"line":50,"column":3},"end":{"line":50,"column":17}},"14":{"start":{"line":54,"column":3},"end":{"line":54,"column":60}},"15":{"start":{"line":58,"column":2},"end":{"line":58,"column":14}},"16":{"start":{"line":65,"column":27},"end":{"line":65,"column":49}},"17":{"start":{"line":68,"column":2},"end":{"line":100,"column":null}},"18":{"start":{"line":70,"column":4},"end":{"line":70,"column":31}},"19":{"start":{"line":72,"column":3},"end":{"line":72,"column":54}},"20":{"start":{"line":73,"column":3},"end":{"line":73,"column":55}},"21":{"start":{"line":74,"column":3},"end":{"line":74,"column":65}},"22":{"start":{"line":76,"column":22},"end":{"line":80,"column":5}},"23":{"start":{"line":82,"column":3},"end":{"line":82,"column":71}},"24":{"start":{"line":84,"column":20},"end":{"line":84,"column":80}},"25":{"start":{"line":86,"column":3},"end":{"line":90,"column":6}},"26":{"start":{"line":88,"column":4},"end":{"line":88,"column":44}},"27":{"start":{"line":94,"column":3},"end":{"line":94,"column":16}},"28":{"start":{"line":98,"column":4},"end":{"line":98,"column":34}},"29":{"start":{"line":102,"column":2},"end":{"line":102,"column":32}},"30":{"start":{"line":108,"column":2},"end":{"line":108,"column":56}},"31":{"start":{"line":108,"column":35},"end":{"line":108,"column":54}},"32":{"start":{"line":110,"column":2},"end":{"line":117,"column":null}},"33":{"start":{"line":112,"column":20},"end":{"line":112,"column":47}},"34":{"start":{"line":114,"column":3},"end":{"line":115,"column":31}},"35":{"start":{"line":119,"column":2},"end":{"line":119,"column":16}},"36":{"start":{"line":126,"column":0},"end":{"line":126,"column":28}}},"fnMap":{"0":{"name":"(anonymous_6)","decl":{"start":{"line":7,"column":1},"end":{"line":7,"column":null}},"loc":{"start":{"line":7,"column":1},"end":{"line":9,"column":2}}},"1":{"name":"(anonymous_7)","decl":{"start":{"line":11,"column":14},"end":{"line":11,"column":19}},"loc":{"start":{"line":11,"column":38},"end":{"line":43,"column":null}}},"2":{"name":"(anonymous_9)","decl":{"start":{"line":23,"column":19},"end":{"line":23,"column":30}},"loc":{"start":{"line":23,"column":33},"end":{"line":27,"column":4}}},"3":{"name":"(anonymous_10)","decl":{"start":{"line":46,"column":9},"end":{"line":46,"column":26}},"loc":{"start":{"line":46,"column":41},"end":{"line":60,"column":2}}},"4":{"name":"(anonymous_11)","decl":{"start":{"line":63,"column":15},"end":{"line":63,"column":33}},"loc":{"start":{"line":63,"column":48},"end":{"line":104,"column":null}}},"5":{"name":"(anonymous_13)","decl":{"start":{"line":86,"column":31},"end":{"line":86,"column":32}},"loc":{"start":{"line":86,"column":47},"end":{"line":90,"column":4}}},"6":{"name":"(anonymous_14)","decl":{"start":{"line":106,"column":9},"end":{"line":106,"column":19}},"loc":{"start":{"line":106,"column":48},"end":{"line":121,"column":2}}},"7":{"name":"(anonymous_15)","decl":{"start":{"line":108,"column":25},"end":{"line":108,"column":26}},"loc":{"start":{"line":108,"column":35},"end":{"line":108,"column":54}}}},"branchMap":{"0":{"loc":{"start":{"line":15,"column":3},"end":{"line":40,"column":null}},"type":"if","locations":[{"start":{"line":15,"column":3},"end":{"line":40,"column":null}},{"start":{"line":15,"column":3},"end":{"line":40,"column":null}}]}},"s":{"0":1,"1":1,"2":2,"3":2,"4":2,"5":2,"6":1,"7":1,"8":1,"9":1,"10":1,"11":1,"12":2,"13":2,"14":1,"15":1,"16":1,"17":1,"18":1,"19":1,"20":1,"21":1,"22":1,"23":1,"24":1,"25":1,"26":1,"27":0,"28":1,"29":1,"30":1,"31":7,"32":1,"33":5,"34":5,"35":1,"36":1},"f":{"0":2,"1":2,"2":5,"3":2,"4":1,"5":1,"6":1,"7":7},"b":{"0":[2,0]}}
}
