TN:
SF:C:\Users\jazadehd\Documents\Development\js-type-profiler\src\InspectorSession\InspectorSession.ts
FN:5,(anonymous_0)
FN:11,(anonymous_1)
FN:15,(anonymous_2)
FN:17,(anonymous_3)
FNF:4
FNH:4
FNDA:1,(anonymous_0)
FNDA:6,(anonymous_1)
FNDA:6,(anonymous_2)
FNDA:6,(anonymous_3)
DA:1,1
DA:7,1
DA:13,6
DA:15,6
DA:17,6
DA:19,6
DA:21,0
DA:25,6
DA:36,1
LF:9
LH:8
BRDA:19,0,0,0
BRDA:19,0,1,6
BRDA:19,1,0,6
BRDA:19,1,1,6
BRDA:21,2,0,0
BRDA:21,2,1,0
BRF:6
BRH:3
end_of_record
TN:
SF:C:\Users\jazadehd\Documents\Development\js-type-profiler\src\TypeProfiler\TypeProfiler.ts
FN:7,(anonymous_6)
FN:11,(anonymous_7)
FN:23,(anonymous_9)
FN:46,(anonymous_10)
FN:63,(anonymous_11)
FN:86,(anonymous_13)
FN:106,(anonymous_14)
FN:108,(anonymous_15)
FNF:8
FNH:8
FNDA:2,(anonymous_6)
FNDA:2,(anonymous_7)
FNDA:5,(anonymous_9)
FNDA:2,(anonymous_10)
FNDA:1,(anonymous_11)
FNDA:1,(anonymous_13)
FNDA:1,(anonymous_14)
FNDA:7,(anonymous_15)
DA:1,1
DA:3,1
DA:13,2
DA:15,2
DA:17,2
DA:19,2
DA:21,1
DA:23,1
DA:29,1
DA:31,1
DA:35,1
DA:36,1
DA:48,2
DA:50,2
DA:54,1
DA:58,1
DA:65,1
DA:68,1
DA:70,1
DA:72,1
DA:73,1
DA:74,1
DA:76,1
DA:82,1
DA:84,1
DA:86,1
DA:88,1
DA:94,0
DA:98,1
DA:102,1
DA:108,7
DA:110,1
DA:112,5
DA:114,5
DA:119,1
DA:126,1
LF:36
LH:35
BRDA:15,0,0,2
BRDA:15,0,1,0
BRF:2
BRH:1
end_of_record
